[35m[1mScanning dependencies of target _beginner_tutorials_generate_messages_check_deps_Num[0m
[35m[1mScanning dependencies of target _beginner_tutorials_generate_messages_check_deps_AddTwoInts[0m
[35m[1mScanning dependencies of target std_msgs_generate_messages_lisp[0m
[35m[1mScanning dependencies of target std_msgs_generate_messages_py[0m
[35m[1mScanning dependencies of target std_msgs_generate_messages_nodejs[0m
[35m[1mScanning dependencies of target std_msgs_generate_messages_cpp[0m
[35m[1mScanning dependencies of target std_msgs_generate_messages_eus[0m
[  0%] Built target std_msgs_generate_messages_py
[  0%] Built target std_msgs_generate_messages_lisp
[  0%] Built target std_msgs_generate_messages_nodejs
[  0%] Built target std_msgs_generate_messages_cpp
[  0%] Built target std_msgs_generate_messages_eus
[  0%] Built target _beginner_tutorials_generate_messages_check_deps_AddTwoInts
[  0%] Built target _beginner_tutorials_generate_messages_check_deps_Num
[35m[1mScanning dependencies of target beginner_tutorials_generate_messages_py[0m
[35m[1mScanning dependencies of target beginner_tutorials_generate_messages_lisp[0m
[35m[1mScanning dependencies of target beginner_tutorials_generate_messages_nodejs[0m
[35m[1mScanning dependencies of target beginner_tutorials_generate_messages_cpp[0m
[35m[1mScanning dependencies of target beginner_tutorials_generate_messages_eus[0m
[ 38%] [34m[1mGenerating Lisp code from beginner_tutorials/AddTwoInts.srv[0m
[ 38%] [34m[1mGenerating C++ code from beginner_tutorials/Num.msg[0m
[ 38%] [34m[1mGenerating Javascript code from beginner_tutorials/Num.msg[0m
[ 38%] [34m[1mGenerating Lisp code from beginner_tutorials/Num.msg[0m
[ 38%] [34m[1mGenerating Python from MSG beginner_tutorials/Num[0m
[ 46%] [34m[1mGenerating EusLisp code from beginner_tutorials/Num.msg[0m
[ 61%] [34m[1mGenerating Javascript code from beginner_tutorials/AddTwoInts.srv[0m
[ 61%] [34m[1mGenerating Python code from SRV beginner_tutorials/AddTwoInts[0m
[ 69%] [34m[1mGenerating C++ code from beginner_tutorials/AddTwoInts.srv[0m
[ 76%] [34m[1mGenerating EusLisp manifest code for beginner_tutorials[0m
[ 84%] [34m[1mGenerating EusLisp code from beginner_tutorials/AddTwoInts.srv[0m
[ 84%] Built target beginner_tutorials_generate_messages_lisp
[ 84%] Built target beginner_tutorials_generate_messages_nodejs
[ 84%] Built target beginner_tutorials_generate_messages_cpp
[100%] [34m[1mGenerating Python msg __init__.py for beginner_tutorials[0m
[100%] [34m[1mGenerating Python srv __init__.py for beginner_tutorials[0m
[100%] Built target beginner_tutorials_generate_messages_py
[100%] Built target beginner_tutorials_generate_messages_eus
[35m[1mScanning dependencies of target beginner_tutorials_generate_messages[0m
[100%] Built target beginner_tutorials_generate_messages
